{"/Users/harshmeghani/Desktop/Practice/mini_peerfives/Frontend/mini-peerfives/src/App.js": {"path":"/Users/harshmeghani/Desktop/Practice/mini_peerfives/Frontend/mini-peerfives/src/App.js","statementMap":{"0":{"start":{"line":14,"column":2},"end":{"line":28,"column":4}}},"fnMap":{"0":{"name":"App","decl":{"start":{"line":13,"column":9},"end":{"line":13,"column":12}},"loc":{"start":{"line":13,"column":15},"end":{"line":29,"column":1}},"line":13}},"branchMap":{},"s":{"0":1},"f":{"0":1},"b":{},"_coverageSchema":"1a1c01bbd47fc00a2c39e90264f33305004495a9","hash":"09335b690071e2a2963ebd78eb4ad538b1491847"}
,"/Users/harshmeghani/Desktop/Practice/mini_peerfives/Frontend/mini-peerfives/src/index.js": {"path":"/Users/harshmeghani/Desktop/Practice/mini_peerfives/Frontend/mini-peerfives/src/index.js","statementMap":{"0":{"start":{"line":8,"column":13},"end":{"line":8,"column":65}},"1":{"start":{"line":9,"column":0},"end":{"line":9,"column":21}}},"fnMap":{},"branchMap":{},"s":{"0":1,"1":1},"f":{},"b":{},"_coverageSchema":"1a1c01bbd47fc00a2c39e90264f33305004495a9","hash":"65f38d597d169f91084487b4fd030a882f7f8448"}
,"/Users/harshmeghani/Desktop/Practice/mini_peerfives/Frontend/mini-peerfives/src/components/NewReward.js": {"path":"/Users/harshmeghani/Desktop/Practice/mini_peerfives/Frontend/mini-peerfives/src/components/NewReward.js","statementMap":{"0":{"start":{"line":7,"column":26},"end":{"line":10,"column":4}},"1":{"start":{"line":11,"column":40},"end":{"line":11,"column":50}},"2":{"start":{"line":12,"column":17},"end":{"line":12,"column":28}},"3":{"start":{"line":15,"column":26},"end":{"line":15,"column":38}},"4":{"start":{"line":17,"column":2},"end":{"line":44,"column":19}},"5":{"start":{"line":19,"column":6},"end":{"line":26,"column":7}},"6":{"start":{"line":20,"column":21},"end":{"line":20,"column":81}},"7":{"start":{"line":21,"column":21},"end":{"line":21,"column":47}},"8":{"start":{"line":23,"column":8},"end":{"line":23,"column":27}},"9":{"start":{"line":25,"column":8},"end":{"line":25,"column":25}},"10":{"start":{"line":28,"column":4},"end":{"line":28,"column":18}},"11":{"start":{"line":30,"column":6},"end":{"line":41,"column":7}},"12":{"start":{"line":31,"column":20},"end":{"line":31,"column":29}},"13":{"start":{"line":32,"column":21},"end":{"line":32,"column":81}},"14":{"start":{"line":33,"column":27},"end":{"line":33,"column":60}},"15":{"start":{"line":35,"column":8},"end":{"line":35,"column":46}},"16":{"start":{"line":36,"column":8},"end":{"line":36,"column":39}},"17":{"start":{"line":40,"column":8},"end":{"line":40,"column":25}},"18":{"start":{"line":43,"column":4},"end":{"line":43,"column":20}},"19":{"start":{"line":46,"column":17},"end":{"line":46,"column":30}},"20":{"start":{"line":47,"column":23},"end":{"line":53,"column":3}},"21":{"start":{"line":48,"column":18},"end":{"line":48,"column":32}},"22":{"start":{"line":49,"column":4},"end":{"line":52,"column":7}},"23":{"start":{"line":54,"column":23},"end":{"line":72,"column":3}},"24":{"start":{"line":55,"column":4},"end":{"line":55,"column":23}},"25":{"start":{"line":57,"column":21},"end":{"line":60,"column":5}},"26":{"start":{"line":63,"column":4},"end":{"line":71,"column":9}},"27":{"start":{"line":73,"column":2},"end":{"line":112,"column":4}},"28":{"start":{"line":89,"column":14},"end":{"line":89,"column":49}},"29":{"start":{"line":104,"column":58},"end":{"line":104,"column":70}}},"fnMap":{"0":{"name":"NewReward","decl":{"start":{"line":6,"column":9},"end":{"line":6,"column":18}},"loc":{"start":{"line":6,"column":21},"end":{"line":113,"column":1}},"line":6},"1":{"name":"(anonymous_1)","decl":{"start":{"line":17,"column":12},"end":{"line":17,"column":13}},"loc":{"start":{"line":17,"column":18},"end":{"line":44,"column":3}},"line":17},"2":{"name":"getAllUsers","decl":{"start":{"line":18,"column":19},"end":{"line":18,"column":30}},"loc":{"start":{"line":18,"column":33},"end":{"line":27,"column":5}},"line":18},"3":{"name":"getLoggedUser","decl":{"start":{"line":29,"column":19},"end":{"line":29,"column":32}},"loc":{"start":{"line":29,"column":35},"end":{"line":42,"column":5}},"line":29},"4":{"name":"(anonymous_4)","decl":{"start":{"line":47,"column":23},"end":{"line":47,"column":24}},"loc":{"start":{"line":47,"column":30},"end":{"line":53,"column":3}},"line":47},"5":{"name":"(anonymous_5)","decl":{"start":{"line":54,"column":23},"end":{"line":54,"column":24}},"loc":{"start":{"line":54,"column":30},"end":{"line":72,"column":3}},"line":54},"6":{"name":"(anonymous_6)","decl":{"start":{"line":68,"column":12},"end":{"line":68,"column":13}},"loc":{"start":{"line":68,"column":26},"end":{"line":71,"column":7}},"line":68},"7":{"name":"(anonymous_7)","decl":{"start":{"line":88,"column":22},"end":{"line":88,"column":23}},"loc":{"start":{"line":88,"column":34},"end":{"line":90,"column":13}},"line":88},"8":{"name":"(anonymous_8)","decl":{"start":{"line":104,"column":52},"end":{"line":104,"column":53}},"loc":{"start":{"line":104,"column":58},"end":{"line":104,"column":70}},"line":104}},"branchMap":{},"s":{"0":1,"1":1,"2":1,"3":1,"4":1,"5":1,"6":1,"7":1,"8":0,"9":0,"10":1,"11":1,"12":1,"13":1,"14":1,"15":0,"16":0,"17":0,"18":1,"19":1,"20":1,"21":0,"22":0,"23":1,"24":0,"25":0,"26":0,"27":1,"28":0,"29":0},"f":{"0":1,"1":1,"2":1,"3":1,"4":0,"5":0,"6":0,"7":0,"8":0},"b":{},"_coverageSchema":"1a1c01bbd47fc00a2c39e90264f33305004495a9","hash":"045ecbae9604e8580f52e9dc84dce7b6fbf63669"}
,"/Users/harshmeghani/Desktop/Practice/mini_peerfives/Frontend/mini-peerfives/src/components/NewUser.js": {"path":"/Users/harshmeghani/Desktop/Practice/mini_peerfives/Frontend/mini-peerfives/src/components/NewUser.js","statementMap":{"0":{"start":{"line":9,"column":26},"end":{"line":9,"column":48}},"1":{"start":{"line":10,"column":17},"end":{"line":10,"column":30}},"2":{"start":{"line":11,"column":24},"end":{"line":17,"column":3}},"3":{"start":{"line":12,"column":18},"end":{"line":12,"column":32}},"4":{"start":{"line":13,"column":4},"end":{"line":16,"column":7}},"5":{"start":{"line":18,"column":23},"end":{"line":29,"column":3}},"6":{"start":{"line":19,"column":4},"end":{"line":19,"column":23}},"7":{"start":{"line":21,"column":21},"end":{"line":23,"column":5}},"8":{"start":{"line":24,"column":17},"end":{"line":24,"column":77}},"9":{"start":{"line":25,"column":4},"end":{"line":28,"column":7}},"10":{"start":{"line":30,"column":2},"end":{"line":52,"column":4}},"11":{"start":{"line":45,"column":56},"end":{"line":45,"column":68}}},"fnMap":{"0":{"name":"NewUser","decl":{"start":{"line":6,"column":9},"end":{"line":6,"column":16}},"loc":{"start":{"line":6,"column":19},"end":{"line":53,"column":1}},"line":6},"1":{"name":"(anonymous_1)","decl":{"start":{"line":11,"column":24},"end":{"line":11,"column":25}},"loc":{"start":{"line":11,"column":31},"end":{"line":17,"column":3}},"line":11},"2":{"name":"(anonymous_2)","decl":{"start":{"line":18,"column":23},"end":{"line":18,"column":24}},"loc":{"start":{"line":18,"column":30},"end":{"line":29,"column":3}},"line":18},"3":{"name":"(anonymous_3)","decl":{"start":{"line":25,"column":41},"end":{"line":25,"column":42}},"loc":{"start":{"line":25,"column":55},"end":{"line":28,"column":5}},"line":25},"4":{"name":"(anonymous_4)","decl":{"start":{"line":45,"column":50},"end":{"line":45,"column":51}},"loc":{"start":{"line":45,"column":56},"end":{"line":45,"column":68}},"line":45}},"branchMap":{},"s":{"0":1,"1":1,"2":1,"3":0,"4":0,"5":1,"6":0,"7":0,"8":0,"9":0,"10":1,"11":0},"f":{"0":1,"1":0,"2":0,"3":0,"4":0},"b":{},"_coverageSchema":"1a1c01bbd47fc00a2c39e90264f33305004495a9","hash":"4f7a5fdd1b68f7a1d69796e1863646cc43aeb24f"}
,"/Users/harshmeghani/Desktop/Practice/mini_peerfives/Frontend/mini-peerfives/src/components/P5History.js": {"path":"/Users/harshmeghani/Desktop/Practice/mini_peerfives/Frontend/mini-peerfives/src/components/P5History.js","statementMap":{"0":{"start":{"line":8,"column":19},"end":{"line":8,"column":32}},"1":{"start":{"line":9,"column":17},"end":{"line":9,"column":28}},"2":{"start":{"line":10,"column":27},"end":{"line":10,"column":39}},"3":{"start":{"line":11,"column":2},"end":{"line":24,"column":18}},"4":{"start":{"line":13,"column":6},"end":{"line":21,"column":7}},"5":{"start":{"line":14,"column":20},"end":{"line":14,"column":29}},"6":{"start":{"line":15,"column":21},"end":{"line":15,"column":81}},"7":{"start":{"line":16,"column":27},"end":{"line":16,"column":60}},"8":{"start":{"line":18,"column":8},"end":{"line":18,"column":44}},"9":{"start":{"line":23,"column":4},"end":{"line":23,"column":20}},"10":{"start":{"line":25,"column":2},"end":{"line":79,"column":4}},"11":{"start":{"line":30,"column":25},"end":{"line":30,"column":62}},"12":{"start":{"line":49,"column":12},"end":{"line":74,"column":14}}},"fnMap":{"0":{"name":"P5History","decl":{"start":{"line":7,"column":9},"end":{"line":7,"column":18}},"loc":{"start":{"line":7,"column":21},"end":{"line":80,"column":1}},"line":7},"1":{"name":"(anonymous_1)","decl":{"start":{"line":11,"column":12},"end":{"line":11,"column":13}},"loc":{"start":{"line":11,"column":18},"end":{"line":24,"column":3}},"line":11},"2":{"name":"getLoggedUser","decl":{"start":{"line":12,"column":19},"end":{"line":12,"column":32}},"loc":{"start":{"line":12,"column":35},"end":{"line":22,"column":5}},"line":12},"3":{"name":"(anonymous_3)","decl":{"start":{"line":30,"column":19},"end":{"line":30,"column":20}},"loc":{"start":{"line":30,"column":25},"end":{"line":30,"column":62}},"line":30},"4":{"name":"(anonymous_4)","decl":{"start":{"line":48,"column":21},"end":{"line":48,"column":22}},"loc":{"start":{"line":48,"column":35},"end":{"line":75,"column":11}},"line":48}},"branchMap":{},"s":{"0":1,"1":1,"2":1,"3":1,"4":1,"5":1,"6":1,"7":1,"8":1,"9":1,"10":1,"11":0,"12":0},"f":{"0":1,"1":1,"2":1,"3":0,"4":0},"b":{},"_coverageSchema":"1a1c01bbd47fc00a2c39e90264f33305004495a9","hash":"977d9521f0afdc9140e23d62610a379aeeee1a86"}
,"/Users/harshmeghani/Desktop/Practice/mini_peerfives/Frontend/mini-peerfives/src/components/RewardHistory.js": {"path":"/Users/harshmeghani/Desktop/Practice/mini_peerfives/Frontend/mini-peerfives/src/components/RewardHistory.js","statementMap":{"0":{"start":{"line":7,"column":17},"end":{"line":7,"column":28}},"1":{"start":{"line":8,"column":27},"end":{"line":8,"column":39}},"2":{"start":{"line":9,"column":2},"end":{"line":22,"column":18}},"3":{"start":{"line":11,"column":6},"end":{"line":19,"column":7}},"4":{"start":{"line":12,"column":20},"end":{"line":12,"column":29}},"5":{"start":{"line":13,"column":21},"end":{"line":13,"column":81}},"6":{"start":{"line":14,"column":27},"end":{"line":14,"column":60}},"7":{"start":{"line":16,"column":8},"end":{"line":16,"column":48}},"8":{"start":{"line":21,"column":4},"end":{"line":21,"column":20}},"9":{"start":{"line":23,"column":2},"end":{"line":60,"column":4}},"10":{"start":{"line":36,"column":12},"end":{"line":49,"column":14}},"11":{"start":{"line":39,"column":18},"end":{"line":46,"column":20}}},"fnMap":{"0":{"name":"RewardHistory","decl":{"start":{"line":6,"column":9},"end":{"line":6,"column":22}},"loc":{"start":{"line":6,"column":25},"end":{"line":61,"column":1}},"line":6},"1":{"name":"(anonymous_1)","decl":{"start":{"line":9,"column":12},"end":{"line":9,"column":13}},"loc":{"start":{"line":9,"column":18},"end":{"line":22,"column":3}},"line":9},"2":{"name":"getLoggedUser","decl":{"start":{"line":10,"column":19},"end":{"line":10,"column":32}},"loc":{"start":{"line":10,"column":35},"end":{"line":20,"column":5}},"line":10},"3":{"name":"(anonymous_3)","decl":{"start":{"line":35,"column":21},"end":{"line":35,"column":22}},"loc":{"start":{"line":35,"column":35},"end":{"line":50,"column":11}},"line":35},"4":{"name":"(anonymous_4)","decl":{"start":{"line":38,"column":27},"end":{"line":38,"column":28}},"loc":{"start":{"line":38,"column":41},"end":{"line":47,"column":17}},"line":38}},"branchMap":{},"s":{"0":1,"1":1,"2":1,"3":1,"4":1,"5":1,"6":1,"7":1,"8":1,"9":1,"10":0,"11":0},"f":{"0":1,"1":1,"2":1,"3":0,"4":0},"b":{},"_coverageSchema":"1a1c01bbd47fc00a2c39e90264f33305004495a9","hash":"b76bd06f3044a13124c0fd5a4ac1a7e70a8f0b1e"}
,"/Users/harshmeghani/Desktop/Practice/mini_peerfives/Frontend/mini-peerfives/src/components/User.js": {"path":"/Users/harshmeghani/Desktop/Practice/mini_peerfives/Frontend/mini-peerfives/src/components/User.js","statementMap":{"0":{"start":{"line":10,"column":19},"end":{"line":10,"column":32}},"1":{"start":{"line":11,"column":26},"end":{"line":11,"column":38}},"2":{"start":{"line":12,"column":2},"end":{"line":26,"column":9}},"3":{"start":{"line":14,"column":6},"end":{"line":23,"column":7}},"4":{"start":{"line":16,"column":21},"end":{"line":16,"column":81}},"5":{"start":{"line":18,"column":21},"end":{"line":18,"column":42}},"6":{"start":{"line":20,"column":8},"end":{"line":20,"column":27}},"7":{"start":{"line":25,"column":4},"end":{"line":25,"column":18}},"8":{"start":{"line":35,"column":2},"end":{"line":76,"column":4}},"9":{"start":{"line":38,"column":51},"end":{"line":38,"column":69}},"10":{"start":{"line":55,"column":14},"end":{"line":70,"column":16}},"11":{"start":{"line":63,"column":37},"end":{"line":63,"column":60}}},"fnMap":{"0":{"name":"User","decl":{"start":{"line":9,"column":9},"end":{"line":9,"column":13}},"loc":{"start":{"line":9,"column":16},"end":{"line":77,"column":1}},"line":9},"1":{"name":"(anonymous_1)","decl":{"start":{"line":12,"column":12},"end":{"line":12,"column":13}},"loc":{"start":{"line":12,"column":18},"end":{"line":26,"column":3}},"line":12},"2":{"name":"getAllUsers","decl":{"start":{"line":13,"column":19},"end":{"line":13,"column":30}},"loc":{"start":{"line":13,"column":33},"end":{"line":24,"column":5}},"line":13},"3":{"name":"(anonymous_3)","decl":{"start":{"line":38,"column":45},"end":{"line":38,"column":46}},"loc":{"start":{"line":38,"column":51},"end":{"line":38,"column":69}},"line":38},"4":{"name":"(anonymous_4)","decl":{"start":{"line":54,"column":22},"end":{"line":54,"column":23}},"loc":{"start":{"line":54,"column":34},"end":{"line":71,"column":13}},"line":54},"5":{"name":"(anonymous_5)","decl":{"start":{"line":63,"column":31},"end":{"line":63,"column":32}},"loc":{"start":{"line":63,"column":37},"end":{"line":63,"column":60}},"line":63}},"branchMap":{},"s":{"0":1,"1":1,"2":1,"3":1,"4":1,"5":1,"6":0,"7":1,"8":1,"9":0,"10":0,"11":0},"f":{"0":1,"1":1,"2":1,"3":0,"4":0,"5":0},"b":{},"_coverageSchema":"1a1c01bbd47fc00a2c39e90264f33305004495a9","hash":"708f6d5f92b103b2288e485ce6c056b9678a3dc3"}
,"/Users/harshmeghani/Desktop/Practice/mini_peerfives/Frontend/mini-peerfives/src/components/ViewUser.js": {"path":"/Users/harshmeghani/Desktop/Practice/mini_peerfives/Frontend/mini-peerfives/src/components/ViewUser.js","statementMap":{"0":{"start":{"line":7,"column":19},"end":{"line":7,"column":32}},"1":{"start":{"line":8,"column":17},"end":{"line":8,"column":28}},"2":{"start":{"line":9,"column":2},"end":{"line":28,"column":4}},"3":{"start":{"line":16,"column":25},"end":{"line":16,"column":53}},"4":{"start":{"line":21,"column":25},"end":{"line":21,"column":64}}},"fnMap":{"0":{"name":"ViewUser","decl":{"start":{"line":6,"column":9},"end":{"line":6,"column":17}},"loc":{"start":{"line":6,"column":20},"end":{"line":29,"column":1}},"line":6},"1":{"name":"(anonymous_1)","decl":{"start":{"line":16,"column":19},"end":{"line":16,"column":20}},"loc":{"start":{"line":16,"column":25},"end":{"line":16,"column":53}},"line":16},"2":{"name":"(anonymous_2)","decl":{"start":{"line":21,"column":19},"end":{"line":21,"column":20}},"loc":{"start":{"line":21,"column":25},"end":{"line":21,"column":64}},"line":21}},"branchMap":{},"s":{"0":1,"1":1,"2":1,"3":0,"4":0},"f":{"0":1,"1":0,"2":0},"b":{},"_coverageSchema":"1a1c01bbd47fc00a2c39e90264f33305004495a9","hash":"fc15a1eca2c17d756c48747ab2bee3438dbdfd44"}
}
