TN:
SF:src/App.js
FN:13,App
FNF:1
FNH:1
FNDA:1,App
DA:14,1
LF:1
LH:1
BRF:0
BRH:0
end_of_record
TN:
SF:src/index.js
FNF:0
FNH:0
DA:8,1
DA:9,1
LF:2
LH:2
BRF:0
BRH:0
end_of_record
TN:
SF:src/components/NewReward.js
FN:6,NewReward
FN:17,(anonymous_1)
FN:18,getAllUsers
FN:29,getLoggedUser
FN:47,(anonymous_4)
FN:54,(anonymous_5)
FN:68,(anonymous_6)
FN:88,(anonymous_7)
FN:104,(anonymous_8)
FNF:9
FNH:4
FNDA:1,NewReward
FNDA:1,(anonymous_1)
FNDA:1,getAllUsers
FNDA:1,getLoggedUser
FNDA:0,(anonymous_4)
FNDA:0,(anonymous_5)
FNDA:0,(anonymous_6)
FNDA:0,(anonymous_7)
FNDA:0,(anonymous_8)
DA:7,1
DA:11,1
DA:12,1
DA:15,1
DA:17,1
DA:19,1
DA:20,1
DA:21,1
DA:23,0
DA:25,0
DA:28,1
DA:30,1
DA:31,1
DA:32,1
DA:33,1
DA:35,0
DA:36,0
DA:40,0
DA:43,1
DA:46,1
DA:47,1
DA:48,0
DA:49,0
DA:54,1
DA:55,0
DA:57,0
DA:63,0
DA:73,1
DA:89,0
DA:104,0
LF:30
LH:18
BRF:0
BRH:0
end_of_record
TN:
SF:src/components/NewUser.js
FN:6,NewUser
FN:11,(anonymous_1)
FN:18,(anonymous_2)
FN:25,(anonymous_3)
FN:45,(anonymous_4)
FNF:5
FNH:1
FNDA:1,NewUser
FNDA:0,(anonymous_1)
FNDA:0,(anonymous_2)
FNDA:0,(anonymous_3)
FNDA:0,(anonymous_4)
DA:9,1
DA:10,1
DA:11,1
DA:12,0
DA:13,0
DA:18,1
DA:19,0
DA:21,0
DA:24,0
DA:25,0
DA:30,1
DA:45,0
LF:12
LH:5
BRF:0
BRH:0
end_of_record
TN:
SF:src/components/P5History.js
FN:7,P5History
FN:11,(anonymous_1)
FN:12,getLoggedUser
FN:30,(anonymous_3)
FN:48,(anonymous_4)
FNF:5
FNH:3
FNDA:1,P5History
FNDA:1,(anonymous_1)
FNDA:1,getLoggedUser
FNDA:0,(anonymous_3)
FNDA:0,(anonymous_4)
DA:8,1
DA:9,1
DA:10,1
DA:11,1
DA:13,1
DA:14,1
DA:15,1
DA:16,1
DA:18,1
DA:23,1
DA:25,1
DA:30,0
DA:49,0
LF:13
LH:11
BRF:0
BRH:0
end_of_record
TN:
SF:src/components/RewardHistory.js
FN:6,RewardHistory
FN:9,(anonymous_1)
FN:10,getLoggedUser
FN:35,(anonymous_3)
FN:38,(anonymous_4)
FNF:5
FNH:3
FNDA:1,RewardHistory
FNDA:1,(anonymous_1)
FNDA:1,getLoggedUser
FNDA:0,(anonymous_3)
FNDA:0,(anonymous_4)
DA:7,1
DA:8,1
DA:9,1
DA:11,1
DA:12,1
DA:13,1
DA:14,1
DA:16,1
DA:21,1
DA:23,1
DA:36,0
DA:39,0
LF:12
LH:10
BRF:0
BRH:0
end_of_record
TN:
SF:src/components/User.js
FN:9,User
FN:12,(anonymous_1)
FN:13,getAllUsers
FN:38,(anonymous_3)
FN:54,(anonymous_4)
FN:63,(anonymous_5)
FNF:6
FNH:3
FNDA:1,User
FNDA:1,(anonymous_1)
FNDA:1,getAllUsers
FNDA:0,(anonymous_3)
FNDA:0,(anonymous_4)
FNDA:0,(anonymous_5)
DA:10,1
DA:11,1
DA:12,1
DA:14,1
DA:16,1
DA:18,1
DA:20,0
DA:25,1
DA:35,1
DA:38,0
DA:55,0
DA:63,0
LF:12
LH:8
BRF:0
BRH:0
end_of_record
TN:
SF:src/components/ViewUser.js
FN:6,ViewUser
FN:16,(anonymous_1)
FN:21,(anonymous_2)
FNF:3
FNH:1
FNDA:1,ViewUser
FNDA:0,(anonymous_1)
FNDA:0,(anonymous_2)
DA:7,1
DA:8,1
DA:9,1
DA:16,0
DA:21,0
LF:5
LH:3
BRF:0
BRH:0
end_of_record
